
> qoin@0.1.0 build
> next build

▲ Next.js 16.2.2 (Turbopack)
- Environments: .env.local, .env.production

  Creating an optimized production build ...
✓ Compiled successfully in 4.0s
  Running TypeScript ...
  Finished TypeScript in 5.9s ...
  Collecting page data using 15 workers ...
  Generating static pages using 15 workers (0/17) ...
  Generating static pages using 15 workers (4/17) 
  Generating static pages using 15 workers (8/17) 
  Generating static pages using 15 workers (12/17) 
✓ Generating static pages using 15 workers (17/17) in 1963ms
  Finalizing page optimization ...

Route (app)
┌ ○ /
├ ○ /_not-found
├ ○ /admin
├ ○ /admin/stripe/refresh
├ ○ /admin/stripe/return
├ ƒ /api/admin/stripe/create-account-link
├ ƒ /api/webhooks/stripe
├ ○ /manual
├ ○ /manual/admin
├ ○ /manual/member
├ ○ /manual/stripe
├ ○ /portal
├ ○ /resident
├ ○ /richmenu
└ ○ /system


○  (Static)   prerendered as static content
ƒ  (Dynamic)  server-rendered on demand

