▲ Next.js 16.2.2 (Turbopack)
- Environments: .env.local, .env.production

  Creating an optimized production build ...
✁ECompiled successfully in 4.4s
  Running TypeScript ...
  Finished TypeScript in 6.1s ...
  Collecting page data using 15 workers ...
  Generating static pages using 15 workers (0/17) ...
  Generating static pages using 15 workers (4/17) 
  Generating static pages using 15 workers (8/17) 
  Generating static pages using 15 workers (12/17) 
✁EGenerating static pages using 15 workers (17/17) in 516ms
  Finalizing page optimization ...

Route (app)
━E◁E/
━E◁E/_not-found
━E◁E/admin
━E◁E/admin/stripe/refresh
━E◁E/admin/stripe/return
━EƁE/api/admin/stripe/create-account-link
━EƁE/api/webhooks/stripe
━E◁E/manual
━E◁E/manual/admin
━E◁E/manual/member
━E◁E/manual/stripe
━E◁E/portal
━E◁E/resident
━E◁E/richmenu
━E◁E/system


◁E (Static)   prerendered as static content
ƁE (Dynamic)  server-rendered on demand

