
Name                     LastWriteTime      
----                     -------------      
ïŋ―Jïŋ―|ïŋ―[ïŋ―g_Day32.md     2026-05-21 20:37:31
ïŋ―Jïŋ―|ïŋ―[ïŋ―g_Day31.md     2026-05-21 08:22:00
ïŋ―Jïŋ―|ïŋ―[ïŋ―g_Day30.md     2026-05-20 20:46:43
ïŋ―Jïŋ―|ïŋ―[ïŋ―g_Day29.md     2026-05-19 20:40:00
ïŋ―Jïŋ―|ïŋ―[ïŋ―g_Day28.md     2026-05-18 20:11:47
ïŋ―Jïŋ―|ïŋ―[ïŋ―g_Day27.md     2026-05-14 20:01:49
ïŋ―Jïŋ―|ïŋ―[ïŋ―g_Day26.md     2026-05-13 20:43:29
ïŋ―Jïŋ―|ïŋ―[ïŋ―g_Day25.md     2026-05-12 20:29:46
ïŋ―Jïŋ―|ïŋ―[ïŋ―g_Day24.md     2026-05-11 20:18:11
ïŋ―Jïŋ―|ïŋ―[ïŋ―g_Day23.md     2026-05-08 21:36:29
ïŋ―Jïŋ―|ïŋ―[ïŋ―g_Day9.md      2026-05-08 08:33:59
ïŋ―Jïŋ―|ïŋ―[ïŋ―g_Day8.md      2026-05-08 08:33:59
ïŋ―Jïŋ―|ïŋ―[ïŋ―g_Day7_ïŋ―.md 2026-05-08 08:33:59
ïŋ―Jïŋ―|ïŋ―[ïŋ―g_Day7.md      2026-05-08 08:33:59
ïŋ―Jïŋ―|ïŋ―[ïŋ―g_Day6.md      2026-05-08 08:33:59
ïŋ―Jïŋ―|ïŋ―[ïŋ―g_Day5.md      2026-05-08 08:33:59
ïŋ―Jïŋ―|ïŋ―[ïŋ―g_Day4.md      2026-05-08 08:33:59
ïŋ―Jïŋ―|ïŋ―[ïŋ―g_Day3.md      2026-05-08 08:33:59
ïŋ―Jïŋ―|ïŋ―[ïŋ―g_Day19.md     2026-05-08 08:33:59
ïŋ―Jïŋ―|ïŋ―[ïŋ―g_Day18.md     2026-05-08 08:33:59
ïŋ―Jïŋ―|ïŋ―[ïŋ―g_Day17.md     2026-05-08 08:33:59
ïŋ―Jïŋ―|ïŋ―[ïŋ―g_Day12.md     2026-05-08 08:33:59
ïŋ―Jïŋ―|ïŋ―[ïŋ―g_Day13.md     2026-05-08 08:33:59
ïŋ―Jïŋ―|ïŋ―[ïŋ―g_Day11.md     2026-05-08 08:33:59
ïŋ―Jïŋ―|ïŋ―[ïŋ―g_Day22.md     2026-05-07 19:47:09
ïŋ―Jïŋ―|ïŋ―[ïŋ―g_Day21.md     2026-05-06 20:53:00
ïŋ―Jïŋ―|ïŋ―[ïŋ―g_Day20.md     2026-05-06 07:16:29
ïŋ―Jïŋ―|ïŋ―[ïŋ―g_Day16.md     2026-04-27 20:13:42
ïŋ―Jïŋ―|ïŋ―[ïŋ―g_Day15.md     2026-04-24 20:01:52
ïŋ―Jïŋ―|ïŋ―[ïŋ―g_Day14.md     2026-04-23 20:08:46
ïŋ―Jïŋ―|ïŋ―[ïŋ―g_Day10.md     2026-04-15 20:50:59
ïŋ―Jïŋ―|ïŋ―[ïŋ―g_Day1.md      2026-04-07 20:23:39


