6 environment variables for project harmonious-madeleine-74f239 in the dev context 
-------------.
|                                   Environment variables                       
             |
|-------------------------------------------------------------------------------
-------------|
|              Key              |                       Value                   
     | Scope |
|-------------------------------|-----------------------------------------------
-----|-------|
| LINE_CHANNEL_ACCESS_TOKEN     | **********************************************
**** | All   |
| LINE_CHANNEL_SECRET           | **********************************************
**** | All   |
| NEXT_PUBLIC_LIFF_ID           | **********************************************
**** | All   |
| NEXT_PUBLIC_SUPABASE_ANON_KEY | **********************************************
**** | All   |
| NEXT_PUBLIC_SUPABASE_URL      | **********************************************
**** | All   |
| STRIPE_SECRET_KEY             | **********************************************
**** | All   |
'-------------------------------------------------------------------------------
-------------'
? Show values? (y/N) ? Show values? (y/N) y? Show values? Yes

--------------------------------------------------------------------------------
-----------------------------------------------|-------|
| LINE_CHANNEL_ACCESS_TOKEN     | 2etPo/EzIekMnzOyQzG3WOBRsShOcy0WmAk2kITTA5jwxn
xt9+aOEz7c6uUK5zsNtWiRaLzyBOrbNVvEGi8Ql1kccq2XOdJgFpdm8dX9u1bvtRSRvVd4i1V2s2mkoH
m8dPOHAkSd6oqYmxYINAJ5dAdB04t89/1O/w1cDnyilFU= | All   |
| LINE_CHANNEL_SECRET           | 69b9de1f32ce8078717b476299148d8c              
                                                                                
                                               | All   |
| NEXT_PUBLIC_LIFF_ID           | 2009817872-zldmH8LW                           
                                                                                
                                               | All   |
| NEXT_PUBLIC_SUPABASE_ANON_KEY | sb_publishable_RztM_8dNswdYyCo_3ZTFyA_94mkh6xz
                                                                                
                                               | All   |
| NEXT_PUBLIC_SUPABASE_URL      | https://jssoyjwjqykcuovdydtz.supabase.co      
                                                                                
                                               | All   |
| STRIPE_SECRET_KEY             | sk_test_51TYaOEGyZ40SoEEX0Th20bfxl1VGWUBN3kHpp
wANER6ITO2I2MmgkUohAfmKw6esoSVSngSOW08X5yyXckrdqi2k008QiAPRLb                   
                                               | All   |
'-------------------------------------------------------------------------------
--------------------------------------------------------------------------------
-------------------------------------------------------'
? Show values? Yes
