
> qoin@0.1.0 build
> next build

▲ Next.js 16.2.2 (Turbopack)
- Environments: .env.local, .env.production

  Creating an optimized production build ...
✓ Compiled successfully in 3.5s
  Running TypeScript ...
  Finished TypeScript in 4.7s ...
  Collecting page data using 15 workers ...
  Generating static pages using 15 workers (0/14) ...
  Generating static pages using 15 workers (3/14) 
  Generating static pages using 15 workers (6/14) 
  Generating static pages using 15 workers (10/14) 
✓ Generating static pages using 15 workers (14/14) in 643ms
  Finalizing page optimization ...

Route (app)
┌ ○ /
├ ○ /_not-found
├ ○ /admin
├ ○ /admin/stripe/refresh
├ ○ /admin/stripe/return
├ ƒ /api/admin/stripe/create-account-link
├ ƒ /api/webhooks/stripe
├ ○ /manual
├ ○ /portal
├ ○ /resident
├ ○ /richmenu
└ ○ /system


○  (Static)   prerendered as static content
ƒ  (Dynamic)  server-rendered on demand

npm notice
npm notice New minor version of npm available! 11.11.0 -> 11.15.0
npm notice Changelog: https://github.com/npm/cli/releases/tag/v11.15.0
npm notice To update run: npm install -g npm@11.15.0
npm notice
