
> qoin@0.1.0 build
> next build

▲ Next.js 16.2.2 (Turbopack)
- Environments: .env.local, .env.production

  Creating an optimized production build ...
✓ Compiled successfully in 3.2s
  Running TypeScript ...
  Finished TypeScript in 5.2s ...
  Collecting page data using 15 workers ...
  Generating static pages using 15 workers (0/14) ...
  Generating static pages using 15 workers (3/14) 
  Generating static pages using 15 workers (6/14) 
  Generating static pages using 15 workers (10/14) 
✓ Generating static pages using 15 workers (14/14) in 861ms
  Finalizing page optimization ...

Route (app)
┌ ○ /
├ ○ /_not-found
├ ○ /admin
├ ○ /admin/stripe/refresh
├ ○ /admin/stripe/return
├ ƒ /api/admin/stripe/create-account-link
├ ƒ /api/webhooks/stripe
├ ○ /manual
├ ○ /portal
├ ○ /resident
├ ○ /richmenu
└ ○ /system


○  (Static)   prerendered as static content
ƒ  (Dynamic)  server-rendered on demand

