6 environment variables for project harmonious-madeleine-74f239 in the dev context 
-------------.
|                                   Environment variables                       
             |
|-------------------------------------------------------------------------------
-------------|
|              Key              |                       Value                   
     | Scope |
|-------------------------------|-----------------------------------------------
-----|-------|
| LINE_CHANNEL_ACCESS_TOKEN     | **********************************************
**** | All   |
| LINE_CHANNEL_SECRET           | **********************************************
**** | All   |
| NEXT_PUBLIC_LIFF_ID           | **********************************************
**** | All   |
| NEXT_PUBLIC_SUPABASE_ANON_KEY | **********************************************
**** | All   |
| NEXT_PUBLIC_SUPABASE_URL      | **********************************************
**** | All   |
| STRIPE_SECRET_KEY             | **********************************************
**** | All   |
'-------------------------------------------------------------------------------
-------------'
? Show values? (y/N) ? Show values? (y/N) n? Show values? No
